TN:
SF:src\carrito.js
FN:4,(anonymous_0)
FN:8,(anonymous_1)
FN:12,(anonymous_2)
FN:24,(anonymous_3)
FN:27,(anonymous_4)
FN:34,(anonymous_5)
FN:36,(anonymous_6)
FN:40,(anonymous_7)
FNF:8
FNH:8
FNDA:10,(anonymous_0)
FNDA:8,(anonymous_1)
FNDA:3,(anonymous_2)
FNDA:3,(anonymous_3)
FNDA:3,(anonymous_4)
FNDA:2,(anonymous_5)
FNDA:1,(anonymous_6)
FNDA:1,(anonymous_7)
DA:1,1
DA:5,10
DA:9,8
DA:13,3
DA:15,3
DA:16,2
DA:25,3
DA:27,3
DA:28,3
DA:31,3
DA:35,2
DA:36,1
DA:41,1
DA:45,1
LF:14
LH:14
BRDA:15,0,0,2
BRDA:15,0,1,1
BRF:2
BRH:2
end_of_record
TN:
SF:src\productos.js
FN:14,obtenerProductoPorId
FN:15,(anonymous_1)
FN:18,obtenerProductoPorIdAsync
FN:20,(anonymous_3)
FNF:4
FNH:4
FNDA:2,obtenerProductoPorId
FNDA:3,(anonymous_1)
FNDA:1,obtenerProductoPorIdAsync
FNDA:1,(anonymous_3)
DA:1,1
DA:15,3
DA:19,1
DA:20,1
DA:24,1
LF:5
LH:5
BRF:0
BRH:0
end_of_record
